  asio.cpp
  asiodrivers.cpp
  asiolist.cpp
  iasiothiscallresolver.cpp
  RtAudio.cpp
  RtMidi.cpp
  IControls.cpp
  IPopupMenuControl.cpp
  ITextEntryControl.cpp
  IControl.cpp
  IGraphics.cpp
  IGraphicsEditorDelegate.cpp
  IGraphicsWin.cpp
  IPlugAPP.cpp
  IPlugAPP_dialog.cpp
  IPlugAPP_host.cpp
  IPlugAPP_main.cpp
  IPlugAPIBase.cpp
  IPlugParameter.cpp
  IPlugPaths.cpp
  IPlugPluginBase.cpp
  IPlugProcessor.cpp
  IPlugTimer.cpp
  TransientVisualizer.cpp
C:\Users\Bastien\Documents\iPlug2-projects\iPlug2\Examples\TransientVisualizer\GraphVisualizer.h(30,85): warning C4244: 'argument': conversion from 'int' to 'float', possible loss of data (compiling source file ..\TransientVisualizer.cpp)
C:\Users\Bastien\Documents\iPlug2-projects\iPlug2\Examples\TransientVisualizer\GraphVisualizer.h(30,71): warning C4244: 'argument': conversion from 'int' to 'float', possible loss of data (compiling source file ..\TransientVisualizer.cpp)
C:\Users\Bastien\Documents\iPlug2-projects\iPlug2\Examples\TransientVisualizer\GraphVisualizer.h(30,56): warning C4244: 'argument': conversion from 'int' to 'float', possible loss of data (compiling source file ..\TransientVisualizer.cpp)
C:\Users\Bastien\Documents\iPlug2-projects\iPlug2\Examples\TransientVisualizer\GraphVisualizer.h(30,32): warning C4244: 'argument': conversion from 'int' to 'float', possible loss of data (compiling source file ..\TransientVisualizer.cpp)
C:\Users\Bastien\Documents\iPlug2-projects\iPlug2\IPlug\IPlug_include_in_plug_src.h(338,114): error C2015: too many characters in constant (compiling source file ..\TransientVisualizer.cpp)
