  TransientVisualizer.cpp
C:\Users\Bastien\Documents\iPlug2-projects\iPlug2\projects\TransientVisualizer\Measure.h(85,134): warning C4244: 'argument': conversion from 'double' to 'const int', possible loss of data
C:\Users\Bastien\Documents\iPlug2-projects\iPlug2\projects\TransientVisualizer\Measure.h(137,81): warning C4244: 'initializing': conversion from 'unsigned __int64' to 'const double', possible loss of data
C:\Users\Bastien\Documents\iPlug2-projects\iPlug2\projects\TransientVisualizer\Measure.h(184,69): warning C4244: 'initializing': conversion from 'unsigned __int64' to 'const double', possible loss of data
C:\Users\Bastien\Documents\iPlug2-projects\iPlug2\projects\TransientVisualizer\GraphVisualizer.h(37,104): warning C4244: 'argument': conversion from 'double' to 'int', possible loss of data
C:\Users\Bastien\Documents\iPlug2-projects\iPlug2\projects\TransientVisualizer\GraphVisualizer.h(37,81): warning C4244: 'argument': conversion from 'double' to 'int', possible loss of data
C:\Users\Bastien\Documents\iPlug2-projects\iPlug2\projects\TransientVisualizer\GraphVisualizer.h(37,58): warning C4244: 'argument': conversion from 'double' to 'int', possible loss of data
C:\Users\Bastien\Documents\iPlug2-projects\iPlug2\projects\TransientVisualizer\GraphVisualizer.h(38,100): warning C4244: 'argument': conversion from 'double' to 'int', possible loss of data
C:\Users\Bastien\Documents\iPlug2-projects\iPlug2\projects\TransientVisualizer\GraphVisualizer.h(38,78): warning C4244: 'argument': conversion from 'double' to 'int', possible loss of data
C:\Users\Bastien\Documents\iPlug2-projects\iPlug2\projects\TransientVisualizer\GraphVisualizer.h(38,56): warning C4244: 'argument': conversion from 'double' to 'int', possible loss of data
C:\Users\Bastien\Documents\iPlug2-projects\iPlug2\projects\TransientVisualizer\GraphVisualizer.h(51,171): warning C4244: 'argument': conversion from 'double' to 'int', possible loss of data
C:\Users\Bastien\Documents\iPlug2-projects\iPlug2\projects\TransientVisualizer\GraphVisualizer.h(51,131): warning C4244: 'argument': conversion from 'double' to 'int', possible loss of data
C:\Users\Bastien\Documents\iPlug2-projects\iPlug2\projects\TransientVisualizer\GraphVisualizer.h(51,91): warning C4244: 'argument': conversion from 'double' to 'int', possible loss of data
C:\Users\Bastien\Documents\iPlug2-projects\iPlug2\projects\TransientVisualizer\GraphVisualizer.h(120,17): warning C4244: 'initializing': conversion from 'float' to 'int', possible loss of data
C:\Users\Bastien\Documents\iPlug2-projects\iPlug2\projects\TransientVisualizer\GraphVisualizer.h(143,40): warning C4244: '=': conversion from 'int' to 'float', possible loss of data
C:\Users\Bastien\Documents\iPlug2-projects\iPlug2\projects\TransientVisualizer\GraphVisualizer.h(194,21): warning C4244: 'initializing': conversion from 'double' to 'int', possible loss of data
C:\Users\Bastien\Documents\iPlug2-projects\iPlug2\projects\TransientVisualizer\GraphVisualizer.h(198,21): warning C4244: 'initializing': conversion from 'double' to 'int', possible loss of data
C:\Users\Bastien\Documents\iPlug2-projects\iPlug2\projects\TransientVisualizer\GraphVisualizer.h(203,108): warning C4244: 'argument': conversion from 'int' to 'float', possible loss of data
C:\Users\Bastien\Documents\iPlug2-projects\iPlug2\projects\TransientVisualizer\GraphVisualizer.h(203,88): warning C4244: 'argument': conversion from 'int' to 'float', possible loss of data
C:\Users\Bastien\Documents\iPlug2-projects\iPlug2\projects\TransientVisualizer\GraphVisualizer.h(205,63): warning C4244: 'argument': conversion from 'int' to 'float', possible loss of data
C:\Users\Bastien\Documents\iPlug2-projects\iPlug2\projects\TransientVisualizer\GraphVisualizer.h(205,34): warning C4244: 'argument': conversion from 'int' to 'float', possible loss of data
C:\Users\Bastien\Documents\iPlug2-projects\iPlug2\projects\TransientVisualizer\GraphVisualizer.h(212,58): warning C4244: 'initializing': conversion from 'double' to 'float', possible loss of data
C:\Users\Bastien\Documents\iPlug2-projects\iPlug2\projects\TransientVisualizer\GraphVisualizer.h(212,29): warning C4244: 'initializing': conversion from 'double' to 'const float', possible loss of data
C:\Users\Bastien\Documents\iPlug2-projects\iPlug2\projects\TransientVisualizer\GraphVisualizer.h(216,99): warning C4244: 'argument': conversion from 'double' to 'float', possible loss of data
C:\Users\Bastien\Documents\iPlug2-projects\iPlug2\projects\TransientVisualizer\GraphVisualizer.h(217,80): warning C4244: 'argument': conversion from 'double' to 'float', possible loss of data
C:\Users\Bastien\Documents\iPlug2-projects\iPlug2\projects\TransientVisualizer\GraphVisualizer.h(222,105): warning C4244: 'argument': conversion from 'double' to 'float', possible loss of data
C:\Users\Bastien\Documents\iPlug2-projects\iPlug2\projects\TransientVisualizer\GraphVisualizer.h(223,86): warning C4244: 'argument': conversion from 'double' to 'float', possible loss of data
C:\Users\Bastien\Documents\iPlug2-projects\iPlug2\projects\TransientVisualizer\GraphVisualizer.h(337,38): warning C4244: 'argument': conversion from 'double' to 'const _Ty', possible loss of data
          with
          [
              _Ty=float
          ]
C:\Users\Bastien\Documents\iPlug2-projects\iPlug2\projects\TransientVisualizer\GraphVisualizer.h(338,36): warning C4244: 'argument': conversion from 'double' to 'const _Ty', possible loss of data
          with
          [
              _Ty=float
          ]
C:\Users\Bastien\Documents\iPlug2-projects\iPlug2\projects\TransientVisualizer\GraphVisualizer.h(342,38): warning C4244: 'argument': conversion from 'double' to 'const _Ty', possible loss of data
          with
          [
              _Ty=float
          ]
C:\Users\Bastien\Documents\iPlug2-projects\iPlug2\projects\TransientVisualizer\GraphVisualizer.h(347,38): warning C4244: 'argument': conversion from 'double' to 'const _Ty', possible loss of data
          with
          [
              _Ty=float
          ]
C:\Users\Bastien\Documents\iPlug2-projects\iPlug2\projects\TransientVisualizer\GraphVisualizer.h(350,36): warning C4244: 'argument': conversion from 'double' to 'const _Ty', possible loss of data
          with
          [
              _Ty=float
          ]
C:\Users\Bastien\Documents\iPlug2-projects\iPlug2\projects\TransientVisualizer\GraphVisualizer.h(357,38): warning C4244: 'argument': conversion from 'double' to 'const _Ty', possible loss of data
          with
          [
              _Ty=float
          ]
C:\Users\Bastien\Documents\iPlug2-projects\iPlug2\projects\TransientVisualizer\GraphVisualizer.h(358,36): warning C4244: 'argument': conversion from 'double' to 'const _Ty', possible loss of data
          with
          [
              _Ty=float
          ]
C:\Users\Bastien\Documents\iPlug2-projects\iPlug2\projects\TransientVisualizer\GraphVisualizer.h(361,38): warning C4244: 'argument': conversion from 'double' to 'const _Ty', possible loss of data
          with
          [
              _Ty=float
          ]
C:\Users\Bastien\Documents\iPlug2-projects\iPlug2\projects\TransientVisualizer\GraphVisualizer.h(366,38): warning C4244: 'argument': conversion from 'double' to 'const _Ty', possible loss of data
          with
          [
              _Ty=float
          ]
C:\Users\Bastien\Documents\iPlug2-projects\iPlug2\projects\TransientVisualizer\GraphVisualizer.h(369,36): warning C4244: 'argument': conversion from 'double' to 'const _Ty', possible loss of data
          with
          [
              _Ty=float
          ]
C:\Users\Bastien\Documents\iPlug2-projects\iPlug2\projects\TransientVisualizer\GraphVisualizer.h(374,34): warning C4244: 'argument': conversion from 'double' to 'const _Ty', possible loss of data
          with
          [
              _Ty=float
          ]
C:\Users\Bastien\Documents\iPlug2-projects\iPlug2\projects\TransientVisualizer\GraphVisualizer.h(382,18): warning C4244: 'initializing': conversion from 'float' to 'int', possible loss of data
C:\Users\Bastien\Documents\iPlug2-projects\iPlug2\projects\TransientVisualizer\GraphVisualizer.h(383,18): warning C4244: 'initializing': conversion from 'float' to 'int', possible loss of data
C:\Users\Bastien\Documents\iPlug2-projects\iPlug2\projects\TransientVisualizer\GraphVisualizer.h(390,34): warning C4244: '=': conversion from 'int' to 'float', possible loss of data
C:\Users\Bastien\Documents\iPlug2-projects\iPlug2\projects\TransientVisualizer\GraphVisualizer.h(391,33): warning C4244: '=': conversion from 'int' to 'float', possible loss of data
C:\Users\Bastien\Documents\iPlug2-projects\iPlug2\projects\TransientVisualizer\GraphVisualizer.h(419,97): warning C4244: 'argument': conversion from 'int' to 'float', possible loss of data
C:\Users\Bastien\Documents\iPlug2-projects\iPlug2\projects\TransientVisualizer\GraphVisualizer.h(420,109): warning C4244: 'argument': conversion from 'int' to 'float', possible loss of data
C:\Users\Bastien\Documents\iPlug2-projects\iPlug2\projects\TransientVisualizer\GraphVisualizer.h(421,72): warning C4244: 'argument': conversion from 'int' to 'float', possible loss of data
C:\Users\Bastien\Documents\iPlug2-projects\iPlug2\projects\TransientVisualizer\GraphVisualizer.h(422,80): warning C4244: 'argument': conversion from 'int' to 'float', possible loss of data
C:\Users\Bastien\Documents\iPlug2-projects\iPlug2\projects\TransientVisualizer\GraphVisualizer.h(425,105): warning C4244: 'argument': conversion from 'int' to 'float', possible loss of data
C:\Users\Bastien\Documents\iPlug2-projects\iPlug2\projects\TransientVisualizer\GraphVisualizer.h(426,80): warning C4244: 'argument': conversion from 'int' to 'float', possible loss of data
C:\Users\Bastien\Documents\iPlug2-projects\iPlug2\projects\TransientVisualizer\GraphVisualizer.h(434,32): warning C4244: '=': conversion from 'int' to 'float', possible loss of data
C:\Users\Bastien\Documents\iPlug2-projects\iPlug2\projects\TransientVisualizer\GraphVisualizer.h(435,31): warning C4244: '=': conversion from 'int' to 'float', possible loss of data
C:\Users\Bastien\Documents\iPlug2-projects\iPlug2\projects\TransientVisualizer\GraphVisualizer.h(437,48): warning C4244: '=': conversion from 'int' to 'float', possible loss of data
C:\Users\Bastien\Documents\iPlug2-projects\iPlug2\projects\TransientVisualizer\GraphVisualizer.h(438,47): warning C4244: '=': conversion from 'int' to 'float', possible loss of data
C:\Users\Bastien\Documents\iPlug2-projects\iPlug2\projects\TransientVisualizer\GraphVisualizer.h(455,50): warning C4244: 'initializing': conversion from 'double' to 'float', possible loss of data
C:\Users\Bastien\Documents\iPlug2-projects\iPlug2\projects\TransientVisualizer\GraphVisualizer.h(455,32): warning C4244: 'initializing': conversion from 'double' to 'const float', possible loss of data
C:\Users\Bastien\Documents\iPlug2-projects\iPlug2\projects\TransientVisualizer\GraphVisualizer.h(456,53): warning C4244: 'initializing': conversion from 'double' to 'float', possible loss of data
C:\Users\Bastien\Documents\iPlug2-projects\iPlug2\projects\TransientVisualizer\GraphVisualizer.h(456,31): warning C4244: 'initializing': conversion from 'double' to 'const float', possible loss of data
C:\Users\Bastien\Documents\iPlug2-projects\iPlug2\projects\TransientVisualizer\GraphVisualizer.h(463,22): warning C4244: 'initializing': conversion from 'double' to 'float', possible loss of data
C:\Users\Bastien\Documents\iPlug2-projects\iPlug2\projects\TransientVisualizer\GraphVisualizer.h(472,48): warning C4244: 'initializing': conversion from 'double' to 'float', possible loss of data
C:\Users\Bastien\Documents\iPlug2-projects\iPlug2\projects\TransientVisualizer\GraphVisualizer.h(472,30): warning C4244: 'initializing': conversion from 'double' to 'const float', possible loss of data
C:\Users\Bastien\Documents\iPlug2-projects\iPlug2\projects\TransientVisualizer\TransientVisualizer.cpp(76,58): warning C4244: '=': conversion from 'double' to 'float', possible loss of data
C:\Users\Bastien\Documents\iPlug2-projects\iPlug2\projects\TransientVisualizer\TransientVisualizer.cpp(77,69): warning C4244: '=': conversion from 'double' to 'float', possible loss of data
C:\Users\Bastien\Documents\iPlug2-projects\iPlug2\projects\TransientVisualizer\TransientVisualizer.cpp(78,73): warning C4244: '=': conversion from 'double' to 'int', possible loss of data
C:\Users\Bastien\Documents\iPlug2-projects\iPlug2\projects\TransientVisualizer\TransientVisualizer.cpp(80,39): warning C4244: 'initializing': conversion from 'double' to 'int', possible loss of data
C:\Users\Bastien\Documents\iPlug2-projects\iPlug2\projects\TransientVisualizer\TransientVisualizer.cpp(80,24): warning C4244: 'initializing': conversion from 'double' to 'const int', possible loss of data
C:\Users\Bastien\Documents\iPlug2-projects\iPlug2\projects\TransientVisualizer\TransientVisualizer.cpp(81,64): warning C4244: 'initializing': conversion from 'double' to 'float', possible loss of data
C:\Users\Bastien\Documents\iPlug2-projects\iPlug2\projects\TransientVisualizer\TransientVisualizer.cpp(81,40): warning C4244: 'initializing': conversion from 'double' to 'const float', possible loss of data
  TransientVisualizer-app.vcxproj -> C:\Users\Bastien\Documents\iPlug2-projects\iPlug2\projects\TransientVisualizer\build-win\app\x64\Debug\TransientVisualizer.exe
  POSTBUILD SCRIPT VARIABLES -----------------------------------------------------
  FORMAT ".exe" 
  NAME "TransientVisualizer" 
  PLATFORM "x64" 
  COPY_VST2 "1" 
  BUILT_BINARY "C:\Users\Bastien\Documents\iPlug2-projects\iPlug2\projects\TransientVisualizer\build-win\app\x64\Debug\TransientVisualizer.exe" 
  VST2_32_PATH "C:\Program Files (x86)\VstPlugins" 
  VST2_64_PATH "C:\Program Files\VstPlugins"  
  VST3_32_PATH "C:\Program Files (x86)\Common Files\VST3" 
  VST3_64_PATH "C:\Program Files\Common Files\VST3" 
  BUILD_DIR "C:\Users\Bastien\Documents\iPlug2-projects\iPlug2\projects\TransientVisualizer\build-win"
  VST_ICON "C:\Users\Bastien\Documents\iPlug2-projects\iPlug2\projects\TransientVisualizer\projects\..\..\..\Dependencies\IPlug\VST3_SDK\doc\artwork\VST_Logo_Steinberg.ico" 
  AAX_ICON "C:\Users\Bastien\Documents\iPlug2-projects\iPlug2\projects\TransientVisualizer\projects\..\..\..\Dependencies\IPlug\AAX_SDK\Utilities\PlugIn.ico" 
  CREATE_BUNDLE_SCRIPT "C:\Users\Bastien\Documents\iPlug2-projects\iPlug2\projects\TransientVisualizer\projects\..\..\..\Scripts\create_bundle.bat"
  END POSTBUILD SCRIPT VARIABLES -----------------------------------------------------
          1 fichier(s) copié(s).
