c:\users\bastien\documents\iplug2-projects\iplug2\examples\transientvisualizer\build-win\app\x64\debug\int\asiolist.obj
c:\users\bastien\documents\iplug2-projects\iplug2\examples\transientvisualizer\build-win\app\x64\debug\int\rtmidi.obj
c:\users\bastien\documents\iplug2-projects\iplug2\examples\transientvisualizer\build-win\app\x64\debug\int\icontrol.obj
c:\users\bastien\documents\iplug2-projects\iplug2\examples\transientvisualizer\build-win\app\x64\debug\int\iplugapp.obj
c:\users\bastien\documents\iplug2-projects\iplug2\examples\transientvisualizer\build-win\app\x64\debug\int\iplugapp_main.obj
c:\users\bastien\documents\iplug2-projects\iplug2\examples\transientvisualizer\build-win\app\x64\debug\int\iplugpluginbase.obj
c:\users\bastien\documents\iplug2-projects\iplug2\examples\transientvisualizer\build-win\app\x64\debug\int\asiodrivers.obj
c:\users\bastien\documents\iplug2-projects\iplug2\examples\transientvisualizer\build-win\app\x64\debug\int\ipopupmenucontrol.obj
c:\users\bastien\documents\iplug2-projects\iplug2\examples\transientvisualizer\build-win\app\x64\debug\int\igraphics.obj
c:\users\bastien\documents\iplug2-projects\iplug2\examples\transientvisualizer\build-win\app\x64\debug\int\iplugapp_host.obj
c:\users\bastien\documents\iplug2-projects\iplug2\examples\transientvisualizer\build-win\app\x64\debug\int\iplugpaths.obj
c:\users\bastien\documents\iplug2-projects\iplug2\examples\transientvisualizer\build-win\app\x64\debug\int\transientvisualizer.obj
c:\users\bastien\documents\iplug2-projects\iplug2\examples\transientvisualizer\build-win\app\x64\debug\int\iasiothiscallresolver.obj
c:\users\bastien\documents\iplug2-projects\iplug2\examples\transientvisualizer\build-win\app\x64\debug\int\rtaudio.obj
c:\users\bastien\documents\iplug2-projects\iplug2\examples\transientvisualizer\build-win\app\x64\debug\int\itextentrycontrol.obj
c:\users\bastien\documents\iplug2-projects\iplug2\examples\transientvisualizer\build-win\app\x64\debug\int\igraphicswin.obj
c:\users\bastien\documents\iplug2-projects\iplug2\examples\transientvisualizer\build-win\app\x64\debug\int\iplugapibase.obj
c:\users\bastien\documents\iplug2-projects\iplug2\examples\transientvisualizer\build-win\app\x64\debug\int\iplugprocessor.obj
c:\users\bastien\documents\iplug2-projects\iplug2\examples\transientvisualizer\build-win\app\x64\debug\int\asio.obj
c:\users\bastien\documents\iplug2-projects\iplug2\examples\transientvisualizer\build-win\app\x64\debug\int\icontrols.obj
c:\users\bastien\documents\iplug2-projects\iplug2\examples\transientvisualizer\build-win\app\x64\debug\int\igraphicseditordelegate.obj
c:\users\bastien\documents\iplug2-projects\iplug2\examples\transientvisualizer\build-win\app\x64\debug\int\iplugapp_dialog.obj
c:\users\bastien\documents\iplug2-projects\iplug2\examples\transientvisualizer\build-win\app\x64\debug\int\iplugparameter.obj
c:\users\bastien\documents\iplug2-projects\iplug2\examples\transientvisualizer\build-win\app\x64\debug\int\iplugtimer.obj
c:\users\bastien\documents\iplug2-projects\iplug2\examples\transientvisualizer\build-win\app\x64\debug\int\vc142.pdb
c:\users\bastien\documents\iplug2-projects\iplug2\examples\transientvisualizer\build-win\app\x64\debug\int\vc142.idb
c:\users\bastien\documents\iplug2-projects\iplug2\projects\transientvisualizer\build-win\app\x64\debug\int\asio.obj
c:\users\bastien\documents\iplug2-projects\iplug2\projects\transientvisualizer\build-win\app\x64\debug\int\icontrols.obj
c:\users\bastien\documents\iplug2-projects\iplug2\projects\transientvisualizer\build-win\app\x64\debug\int\igraphicseditordelegate.obj
c:\users\bastien\documents\iplug2-projects\iplug2\projects\transientvisualizer\build-win\app\x64\debug\int\iplugapp_dialog.obj
c:\users\bastien\documents\iplug2-projects\iplug2\projects\transientvisualizer\build-win\app\x64\debug\int\iplugparameter.obj
c:\users\bastien\documents\iplug2-projects\iplug2\projects\transientvisualizer\build-win\app\x64\debug\int\iplugtimer.obj
c:\users\bastien\documents\iplug2-projects\iplug2\projects\transientvisualizer\build-win\app\x64\debug\int\iasiothiscallresolver.obj
c:\users\bastien\documents\iplug2-projects\iplug2\projects\transientvisualizer\build-win\app\x64\debug\int\rtaudio.obj
c:\users\bastien\documents\iplug2-projects\iplug2\projects\transientvisualizer\build-win\app\x64\debug\int\itextentrycontrol.obj
c:\users\bastien\documents\iplug2-projects\iplug2\projects\transientvisualizer\build-win\app\x64\debug\int\igraphicswin.obj
c:\users\bastien\documents\iplug2-projects\iplug2\projects\transientvisualizer\build-win\app\x64\debug\int\iplugapibase.obj
c:\users\bastien\documents\iplug2-projects\iplug2\projects\transientvisualizer\build-win\app\x64\debug\int\iplugprocessor.obj
c:\users\bastien\documents\iplug2-projects\iplug2\projects\transientvisualizer\build-win\app\x64\debug\int\asiodrivers.obj
c:\users\bastien\documents\iplug2-projects\iplug2\projects\transientvisualizer\build-win\app\x64\debug\int\ipopupmenucontrol.obj
c:\users\bastien\documents\iplug2-projects\iplug2\projects\transientvisualizer\build-win\app\x64\debug\int\igraphics.obj
c:\users\bastien\documents\iplug2-projects\iplug2\projects\transientvisualizer\build-win\app\x64\debug\int\iplugapp_host.obj
c:\users\bastien\documents\iplug2-projects\iplug2\projects\transientvisualizer\build-win\app\x64\debug\int\iplugpaths.obj
c:\users\bastien\documents\iplug2-projects\iplug2\projects\transientvisualizer\build-win\app\x64\debug\int\transientvisualizer.obj
c:\users\bastien\documents\iplug2-projects\iplug2\projects\transientvisualizer\build-win\app\x64\debug\int\asiolist.obj
c:\users\bastien\documents\iplug2-projects\iplug2\projects\transientvisualizer\build-win\app\x64\debug\int\rtmidi.obj
c:\users\bastien\documents\iplug2-projects\iplug2\projects\transientvisualizer\build-win\app\x64\debug\int\icontrol.obj
c:\users\bastien\documents\iplug2-projects\iplug2\projects\transientvisualizer\build-win\app\x64\debug\int\iplugapp.obj
c:\users\bastien\documents\iplug2-projects\iplug2\projects\transientvisualizer\build-win\app\x64\debug\int\iplugapp_main.obj
c:\users\bastien\documents\iplug2-projects\iplug2\projects\transientvisualizer\build-win\app\x64\debug\int\iplugpluginbase.obj
c:\users\bastien\documents\iplug2-projects\iplug2\projects\transientvisualizer\build-win\app\x64\debug\int\vc142.pdb
c:\users\bastien\documents\iplug2-projects\iplug2\projects\transientvisualizer\build-win\app\x64\debug\int\vc142.idb
c:\users\bastien\documents\iplug2-projects\iplug2\examples\transientvisualizer\build-win\app\x64\debug\transientvisualizer.exe
c:\users\bastien\documents\iplug2-projects\iplug2\examples\transientvisualizer\build-win\app\x64\debug\transientvisualizer.ilk
c:\users\bastien\documents\iplug2-projects\iplug2\examples\transientvisualizer\build-win\pdbs\transientvisualizer-app_x64.pdb
c:\users\bastien\documents\iplug2-projects\iplug2\projects\transientvisualizer\build-win\app\x64\debug\transientvisualizer.exe
c:\users\bastien\documents\iplug2-projects\iplug2\projects\transientvisualizer\build-win\app\x64\debug\transientvisualizer.ilk
c:\users\bastien\documents\iplug2-projects\iplug2\projects\transientvisualizer\build-win\pdbs\transientvisualizer-app_x64.pdb
c:\users\bastien\documents\iplug2-projects\iplug2\examples\transientvisualizer\build-win\app\x64\debug\int\main.res
c:\users\bastien\documents\iplug2-projects\iplug2\projects\transientvisualizer\build-win\app\x64\debug\int\main.res
c:\users\bastien\documents\iplug2-projects\iplug2\projects\transientvisualizer\build-win\app\x64\debug\int\transien.41785ae4.tlog\cl.command.1.tlog
c:\users\bastien\documents\iplug2-projects\iplug2\projects\transientvisualizer\build-win\app\x64\debug\int\transien.41785ae4.tlog\cl.read.1.tlog
c:\users\bastien\documents\iplug2-projects\iplug2\projects\transientvisualizer\build-win\app\x64\debug\int\transien.41785ae4.tlog\cl.write.1.tlog
c:\users\bastien\documents\iplug2-projects\iplug2\projects\transientvisualizer\build-win\app\x64\debug\int\transien.41785ae4.tlog\link.command.1.tlog
c:\users\bastien\documents\iplug2-projects\iplug2\projects\transientvisualizer\build-win\app\x64\debug\int\transien.41785ae4.tlog\link.read.1.tlog
c:\users\bastien\documents\iplug2-projects\iplug2\projects\transientvisualizer\build-win\app\x64\debug\int\transien.41785ae4.tlog\link.write.1.tlog
c:\users\bastien\documents\iplug2-projects\iplug2\projects\transientvisualizer\build-win\app\x64\debug\int\transien.41785ae4.tlog\rc.command.1.tlog
c:\users\bastien\documents\iplug2-projects\iplug2\projects\transientvisualizer\build-win\app\x64\debug\int\transien.41785ae4.tlog\rc.read.1.tlog
c:\users\bastien\documents\iplug2-projects\iplug2\projects\transientvisualizer\build-win\app\x64\debug\int\transien.41785ae4.tlog\rc.write.1.tlog
