c:\users\bastien\documents\iplug2-projects\iplug2\projects\transientvisualizer\build-win\vst3\x64\debug\int\fbuffer.obj
c:\users\bastien\documents\iplug2-projects\iplug2\projects\transientvisualizer\build-win\vst3\x64\debug\int\fstreamer.obj
c:\users\bastien\documents\iplug2-projects\iplug2\projects\transientvisualizer\build-win\vst3\x64\debug\int\fstring.obj
c:\users\bastien\documents\iplug2-projects\iplug2\projects\transientvisualizer\build-win\vst3\x64\debug\int\flock.obj
c:\users\bastien\documents\iplug2-projects\iplug2\projects\transientvisualizer\build-win\vst3\x64\debug\int\vstaudioeffect.obj
c:\users\bastien\documents\iplug2-projects\iplug2\projects\transientvisualizer\build-win\vst3\x64\debug\int\vstcomponentbase.obj
c:\users\bastien\documents\iplug2-projects\iplug2\projects\transientvisualizer\build-win\vst3\x64\debug\int\vstparameters.obj
c:\users\bastien\documents\iplug2-projects\iplug2\projects\transientvisualizer\build-win\vst3\x64\debug\int\itextentrycontrol.obj
c:\users\bastien\documents\iplug2-projects\iplug2\projects\transientvisualizer\build-win\vst3\x64\debug\int\iplugapibase.obj
c:\users\bastien\documents\iplug2-projects\iplug2\projects\transientvisualizer\build-win\vst3\x64\debug\int\iplugparameter.obj
c:\users\bastien\documents\iplug2-projects\iplug2\projects\transientvisualizer\build-win\vst3\x64\debug\int\iplugpaths.obj
c:\users\bastien\documents\iplug2-projects\iplug2\projects\transientvisualizer\build-win\vst3\x64\debug\int\iplugvst3.obj
c:\users\bastien\documents\iplug2-projects\iplug2\projects\transientvisualizer\build-win\vst3\x64\debug\int\fdebug.obj
c:\users\bastien\documents\iplug2-projects\iplug2\projects\transientvisualizer\build-win\vst3\x64\debug\int\updatehandler.obj
c:\users\bastien\documents\iplug2-projects\iplug2\projects\transientvisualizer\build-win\vst3\x64\debug\int\conststringtable.obj
c:\users\bastien\documents\iplug2-projects\iplug2\projects\transientvisualizer\build-win\vst3\x64\debug\int\pluginview.obj
c:\users\bastien\documents\iplug2-projects\iplug2\projects\transientvisualizer\build-win\vst3\x64\debug\int\dllmain.obj
c:\users\bastien\documents\iplug2-projects\iplug2\projects\transientvisualizer\build-win\vst3\x64\debug\int\icontrols.obj
c:\users\bastien\documents\iplug2-projects\iplug2\projects\transientvisualizer\build-win\vst3\x64\debug\int\igraphicswin.obj
c:\users\bastien\documents\iplug2-projects\iplug2\projects\transientvisualizer\build-win\vst3\x64\debug\int\iplugtimer.obj
c:\users\bastien\documents\iplug2-projects\iplug2\projects\transientvisualizer\build-win\vst3\x64\debug\int\transientvisualizer.obj
c:\users\bastien\documents\iplug2-projects\iplug2\projects\transientvisualizer\build-win\vst3\x64\debug\int\fdynlib.obj
c:\users\bastien\documents\iplug2-projects\iplug2\projects\transientvisualizer\build-win\vst3\x64\debug\int\fcondition.obj
c:\users\bastien\documents\iplug2-projects\iplug2\projects\transientvisualizer\build-win\vst3\x64\debug\int\funknown.obj
c:\users\bastien\documents\iplug2-projects\iplug2\projects\transientvisualizer\build-win\vst3\x64\debug\int\vstcomponent.obj
c:\users\bastien\documents\iplug2-projects\iplug2\projects\transientvisualizer\build-win\vst3\x64\debug\int\ipopupmenucontrol.obj
c:\users\bastien\documents\iplug2-projects\iplug2\projects\transientvisualizer\build-win\vst3\x64\debug\int\igraphics.obj
c:\users\bastien\documents\iplug2-projects\iplug2\projects\transientvisualizer\build-win\vst3\x64\debug\int\iplugprocessor.obj
c:\users\bastien\documents\iplug2-projects\iplug2\projects\transientvisualizer\build-win\vst3\x64\debug\int\baseiids.obj
c:\users\bastien\documents\iplug2-projects\iplug2\projects\transientvisualizer\build-win\vst3\x64\debug\int\fobject.obj
c:\users\bastien\documents\iplug2-projects\iplug2\projects\transientvisualizer\build-win\vst3\x64\debug\int\timer.obj
c:\users\bastien\documents\iplug2-projects\iplug2\projects\transientvisualizer\build-win\vst3\x64\debug\int\coreiids.obj
c:\users\bastien\documents\iplug2-projects\iplug2\projects\transientvisualizer\build-win\vst3\x64\debug\int\ustring.obj
c:\users\bastien\documents\iplug2-projects\iplug2\projects\transientvisualizer\build-win\vst3\x64\debug\int\memorystream.obj
c:\users\bastien\documents\iplug2-projects\iplug2\projects\transientvisualizer\build-win\vst3\x64\debug\int\commoniids.obj
c:\users\bastien\documents\iplug2-projects\iplug2\projects\transientvisualizer\build-win\vst3\x64\debug\int\pluginfactory.obj
c:\users\bastien\documents\iplug2-projects\iplug2\projects\transientvisualizer\build-win\vst3\x64\debug\int\vstbus.obj
c:\users\bastien\documents\iplug2-projects\iplug2\projects\transientvisualizer\build-win\vst3\x64\debug\int\vstinitiids.obj
c:\users\bastien\documents\iplug2-projects\iplug2\projects\transientvisualizer\build-win\vst3\x64\debug\int\vstsinglecomponenteffect.obj
c:\users\bastien\documents\iplug2-projects\iplug2\projects\transientvisualizer\build-win\vst3\x64\debug\int\icontrol.obj
c:\users\bastien\documents\iplug2-projects\iplug2\projects\transientvisualizer\build-win\vst3\x64\debug\int\igraphicseditordelegate.obj
c:\users\bastien\documents\iplug2-projects\iplug2\projects\transientvisualizer\build-win\vst3\x64\debug\int\iplugpluginbase.obj
c:\users\bastien\documents\iplug2-projects\iplug2\projects\transientvisualizer\build-win\vst3\x64\debug\int\iplugvst3_processorbase.obj
c:\users\bastien\documents\iplug2-projects\iplug2\projects\transientvisualizer\build-win\vst3\x64\debug\int\vc142.pdb
c:\users\bastien\documents\iplug2-projects\iplug2\projects\transientvisualizer\build-win\vst3\x64\debug\transientvisualizer.ilk
c:\users\bastien\documents\iplug2-projects\iplug2\projects\transientvisualizer\build-win\vst3\x64\debug\transientvisualizer.vst3
c:\users\bastien\documents\iplug2-projects\iplug2\projects\transientvisualizer\build-win\pdbs\transientvisualizer-vst3_x64.pdb
c:\users\bastien\documents\iplug2-projects\iplug2\projects\transientvisualizer\build-win\vst3\x64\debug\int\main.res
c:\users\bastien\documents\iplug2-projects\iplug2\projects\transientvisualizer\build-win\vst3\x64\debug\int\transientvisualizer.lib
c:\users\bastien\documents\iplug2-projects\iplug2\projects\transientvisualizer\build-win\vst3\x64\debug\int\transientvisualizer.exp
c:\users\bastien\documents\iplug2-projects\iplug2\projects\transientvisualizer\build-win\vst3\x64\debug\int\vc142.idb
c:\users\bastien\documents\iplug2-projects\iplug2\projects\transientvisualizer\build-win\vst3\x64\debug\int\transien.079fc65a.tlog\cl.12804.write.1.tlog
c:\users\bastien\documents\iplug2-projects\iplug2\projects\transientvisualizer\build-win\vst3\x64\debug\int\transien.079fc65a.tlog\cl.command.1.tlog
c:\users\bastien\documents\iplug2-projects\iplug2\projects\transientvisualizer\build-win\vst3\x64\debug\int\transien.079fc65a.tlog\cl.read.1.tlog
c:\users\bastien\documents\iplug2-projects\iplug2\projects\transientvisualizer\build-win\vst3\x64\debug\int\transien.079fc65a.tlog\link.command.1.tlog
c:\users\bastien\documents\iplug2-projects\iplug2\projects\transientvisualizer\build-win\vst3\x64\debug\int\transien.079fc65a.tlog\link.read.1.tlog
c:\users\bastien\documents\iplug2-projects\iplug2\projects\transientvisualizer\build-win\vst3\x64\debug\int\transien.079fc65a.tlog\link.write.1.tlog
c:\users\bastien\documents\iplug2-projects\iplug2\projects\transientvisualizer\build-win\vst3\x64\debug\int\transien.079fc65a.tlog\rc.command.1.tlog
c:\users\bastien\documents\iplug2-projects\iplug2\projects\transientvisualizer\build-win\vst3\x64\debug\int\transien.079fc65a.tlog\rc.read.1.tlog
c:\users\bastien\documents\iplug2-projects\iplug2\projects\transientvisualizer\build-win\vst3\x64\debug\int\transien.079fc65a.tlog\rc.write.1.tlog
c:\users\bastien\documents\iplug2-projects\iplug2\projects\transientvisualizer\build-win\vst3\x64\debug\int\transien.079fc65a.tlog\transientvisualizer-vst3.write.1u.tlog
