  AAX_Exports.cpp
  IControls.cpp
c1xx : fatal error C1083: Cannot open source file: '..\..\..\Dependencies\IPlug\AAX_SDK\Interfaces\AAX_Exports.cpp': No such file or directory
  IPopupMenuControl.cpp
  ITextEntryControl.cpp
  IControl.cpp
C:\Users\Bastien\Documents\iPlug2-projects\iPlug2\IPlug\AAX\IPlugAAX_view_interface.h(14,10): fatal error C1083: Cannot open include file: 'AAX_IViewContainer.h': No such file or directory (compiling source file ..\..\..\IGraphics\Controls\ITextEntryControl.cpp)
  IGraphics.cpp
C:\Users\Bastien\Documents\iPlug2-projects\iPlug2\IPlug\AAX\IPlugAAX_view_interface.h(14,10): fatal error C1083: Cannot open include file: 'AAX_IViewContainer.h': No such file or directory (compiling source file ..\..\..\IGraphics\IControl.cpp)
  IGraphicsEditorDelegate.cpp
C:\Users\Bastien\Documents\iPlug2-projects\iPlug2\IPlug\AAX\IPlugAAX_view_interface.h(14,10): fatal error C1083: Cannot open include file: 'AAX_IViewContainer.h': No such file or directory (compiling source file ..\..\..\IGraphics\Controls\IPopupMenuControl.cpp)
C:\Users\Bastien\Documents\iPlug2-projects\iPlug2\IPlug\AAX\IPlugAAX_view_interface.h(14,10): fatal error C1083: Cannot open include file: 'AAX_IViewContainer.h': No such file or directory (compiling source file ..\..\..\IGraphics\Controls\IControls.cpp)
C:\Users\Bastien\Documents\iPlug2-projects\iPlug2\IPlug\AAX\IPlugAAX_view_interface.h(14,10): fatal error C1083: Cannot open include file: 'AAX_IViewContainer.h': No such file or directory (compiling source file ..\..\..\IGraphics\IGraphics.cpp)
  IGraphicsWin.cpp
  IPlugAAX_Parameters.cpp
  IPlugAAX_Describe.cpp
C:\Users\Bastien\Documents\iPlug2-projects\iPlug2\IPlug\AAX\IPlugAAX_Parameters.h(15,10): fatal error C1083: Cannot open include file: 'AAX_CEffectParameters.h': No such file or directory (compiling source file ..\..\..\IPlug\AAX\IPlugAAX_Parameters.cpp)
  IPlugAAX.cpp
C:\Users\Bastien\Documents\iPlug2-projects\iPlug2\IPlug\AAX\IPlugAAX_Parameters.h(15,10): fatal error C1083: Cannot open include file: 'AAX_CEffectParameters.h': No such file or directory (compiling source file ..\..\..\IPlug\AAX\IPlugAAX_Describe.cpp)
  IPlugAPIBase.cpp
C:\Users\Bastien\Documents\iPlug2-projects\iPlug2\IPlug\AAX\IPlugAAX_view_interface.h(14,10): fatal error C1083: Cannot open include file: 'AAX_IViewContainer.h': No such file or directory (compiling source file ..\..\..\IGraphics\IGraphicsEditorDelegate.cpp)
  IPlugParameter.cpp
C:\Users\Bastien\Documents\iPlug2-projects\iPlug2\IPlug\AAX\IPlugAAX_view_interface.h(14,10): fatal error C1083: Cannot open include file: 'AAX_IViewContainer.h': No such file or directory (compiling source file ..\..\..\IGraphics\Platforms\IGraphicsWin.cpp)
  IPlugPaths.cpp
C:\Users\Bastien\Documents\iPlug2-projects\iPlug2\IPlug\AAX\IPlugAAX_Parameters.h(15,10): fatal error C1083: Cannot open include file: 'AAX_CEffectParameters.h': No such file or directory (compiling source file ..\..\..\IPlug\AAX\IPlugAAX.cpp)
  IPlugPluginBase.cpp
  IPlugProcessor.cpp
  IPlugTimer.cpp
  TransientVisualizer.cpp
C:\Users\Bastien\Documents\iPlug2-projects\iPlug2\IPlug\AAX\IPlugAAX_Parameters.h(15,10): fatal error C1083: Cannot open include file: 'AAX_CEffectParameters.h': No such file or directory (compiling source file ..\TransientVisualizer.cpp)
